This file contains any messages produced by compilers while
running configure, to aid debugging if configure makes a mistake.

It was created by gtk_vala1 configure 0.1, which was
generated by GNU Autoconf 2.69.  Invocation command line was

  $ /home/mikeh/vala/anjutaExample/configure --enable-maintainer-mode

## --------- ##
## Platform. ##
## --------- ##

hostname = XubuntuDellLat
uname -m = x86_64
uname -r = 3.13.0-53-generic
uname -s = Linux
uname -v = #89-Ubuntu SMP Wed May 20 10:34:39 UTC 2015

/usr/bin/uname -p = unknown
/bin/uname -X     = unknown

/bin/arch              = unknown
/usr/bin/arch -k       = unknown
/usr/convex/getsysinfo = unknown
/usr/bin/hostinfo      = unknown
/bin/machine           = unknown
/usr/bin/oslevel       = unknown
/bin/universe          = unknown

PATH: /usr/local/sbin
PATH: /usr/local/bin
PATH: /usr/sbin
PATH: /usr/bin
PATH: /sbin
PATH: /bin
PATH: /usr/games
PATH: /usr/local/games
PATH: /usr/lib/jvm/java-8-oracle/bin
PATH: /usr/lib/jvm/java-8-oracle/db/bin
PATH: /usr/lib/jvm/java-8-oracle/jre/bin


## ----------- ##
## Core tests. ##
## ----------- ##

configure:2239: checking for a BSD-compatible install
configure:2307: result: /usr/bin/install -c
configure:2318: checking whether build environment is sane
configure:2373: result: yes
configure:2524: checking for a thread-safe mkdir -p
configure:2563: result: /bin/mkdir -p
configure:2570: checking for gawk
configure:2586: found /usr/bin/gawk
configure:2597: result: gawk
configure:2608: checking whether make sets $(MAKE)
configure:2630: result: yes
configure:2659: checking whether make supports nested variables
configure:2676: result: yes
configure:2813: checking whether make supports nested variables
configure:2830: result: yes
configure:2890: checking for gcc
configure:2906: found /usr/bin/gcc
configure:2917: result: gcc
configure:3146: checking for C compiler version
configure:3155: gcc --version >&5
gcc (Ubuntu 4.8.2-19ubuntu1) 4.8.2
Copyright (C) 2013 Free Software Foundation, Inc.
This is free software; see the source for copying conditions.  There is NO
warranty; not even for MERCHANTABILITY or FITNESS FOR A PARTICULAR PURPOSE.

configure:3166: $? = 0
configure:3155: gcc -v >&5
Using built-in specs.
COLLECT_GCC=gcc
COLLECT_LTO_WRAPPER=/usr/lib/gcc/x86_64-linux-gnu/4.8/lto-wrapper
Target: x86_64-linux-gnu
Configured with: ../src/configure -v --with-pkgversion='Ubuntu 4.8.2-19ubuntu1' --with-bugurl=file:///usr/share/doc/gcc-4.8/README.Bugs --enable-languages=c,c++,java,go,d,fortran,objc,obj-c++ --prefix=/usr --program-suffix=-4.8 --enable-shared --enable-linker-build-id --libexecdir=/usr/lib --without-included-gettext --enable-threads=posix --with-gxx-include-dir=/usr/include/c++/4.8 --libdir=/usr/lib --enable-nls --with-sysroot=/ --enable-clocale=gnu --enable-libstdcxx-debug --enable-libstdcxx-time=yes --enable-gnu-unique-object --disable-libmudflap --enable-plugin --with-system-zlib --disable-browser-plugin --enable-java-awt=gtk --enable-gtk-cairo --with-java-home=/usr/lib/jvm/java-1.5.0-gcj-4.8-amd64/jre --enable-java-home --with-jvm-root-dir=/usr/lib/jvm/java-1.5.0-gcj-4.8-amd64 --with-jvm-jar-dir=/usr/lib/jvm-exports/java-1.5.0-gcj-4.8-amd64 --with-arch-directory=amd64 --with-ecj-jar=/usr/share/java/eclipse-ecj.jar --enable-objc-gc --enable-multiarch --disable-werror --with-arch-32=i686 --with-abi=m64 --with-multilib-list=m32,m64,mx32 --with-tune=generic --enable-checking=release --build=x86_64-linux-gnu --host=x86_64-linux-gnu --target=x86_64-linux-gnu
Thread model: posix
gcc version 4.8.2 (Ubuntu 4.8.2-19ubuntu1) 
configure:3166: $? = 0
configure:3155: gcc -V >&5
gcc: error: unrecognized command line option '-V'
gcc: fatal error: no input files
compilation terminated.
configure:3166: $? = 4
configure:3155: gcc -qversion >&5
gcc: error: unrecognized command line option '-qversion'
gcc: fatal error: no input files
compilation terminated.
configure:3166: $? = 4
configure:3186: checking whether the C compiler works
configure:3208: gcc    conftest.c  >&5
configure:3212: $? = 0
configure:3260: result: yes
configure:3263: checking for C compiler default output file name
configure:3265: result: a.out
configure:3271: checking for suffix of executables
configure:3278: gcc -o conftest    conftest.c  >&5
configure:3282: $? = 0
configure:3304: result: 
configure:3326: checking whether we are cross compiling
configure:3334: gcc -o conftest    conftest.c  >&5
configure:3338: $? = 0
configure:3345: ./conftest
configure:3349: $? = 0
configure:3364: result: no
configure:3369: checking for suffix of object files
configure:3391: gcc -c   conftest.c >&5
configure:3395: $? = 0
configure:3416: result: o
configure:3420: checking whether we are using the GNU C compiler
configure:3439: gcc -c   conftest.c >&5
configure:3439: $? = 0
configure:3448: result: yes
configure:3457: checking whether gcc accepts -g
configure:3477: gcc -c -g  conftest.c >&5
configure:3477: $? = 0
configure:3518: result: yes
configure:3535: checking for gcc option to accept ISO C89
configure:3598: gcc  -c -g -O2  conftest.c >&5
configure:3598: $? = 0
configure:3611: result: none needed
configure:3636: checking whether gcc understands -c and -o together
configure:3658: gcc -c conftest.c -o conftest2.o
configure:3661: $? = 0
configure:3658: gcc -c conftest.c -o conftest2.o
configure:3661: $? = 0
configure:3673: result: yes
configure:3701: checking for style of include used by make
configure:3729: result: GNU
configure:3755: checking dependency style of gcc
configure:3866: result: gcc3
configure:3914: checking build system type
configure:3928: result: x86_64-unknown-linux-gnu
configure:3948: checking host system type
configure:3961: result: x86_64-unknown-linux-gnu
configure:4002: checking how to print strings
configure:4029: result: printf
configure:4050: checking for a sed that does not truncate output
configure:4114: result: /bin/sed
configure:4132: checking for grep that handles long lines and -e
configure:4190: result: /bin/grep
configure:4195: checking for egrep
configure:4257: result: /bin/grep -E
configure:4262: checking for fgrep
configure:4324: result: /bin/grep -F
configure:4359: checking for ld used by gcc
configure:4426: result: /usr/bin/ld
configure:4433: checking if the linker (/usr/bin/ld) is GNU ld
configure:4448: result: yes
configure:4460: checking for BSD- or MS-compatible name lister (nm)
configure:4509: result: /usr/bin/nm -B
configure:4639: checking the name lister (/usr/bin/nm -B) interface
configure:4646: gcc -c -g -O2  conftest.c >&5
configure:4649: /usr/bin/nm -B "conftest.o"
configure:4652: output
0000000000000000 B some_variable
configure:4659: result: BSD nm
configure:4662: checking whether ln -s works
configure:4666: result: yes
configure:4674: checking the maximum length of command line arguments
configure:4805: result: 1572864
configure:4822: checking whether the shell understands some XSI constructs
configure:4832: result: yes
configure:4836: checking whether the shell understands "+="
configure:4842: result: yes
configure:4877: checking how to convert x86_64-unknown-linux-gnu file names to x86_64-unknown-linux-gnu format
configure:4917: result: func_convert_file_noop
configure:4924: checking how to convert x86_64-unknown-linux-gnu file names to toolchain format
configure:4944: result: func_convert_file_noop
configure:4951: checking for /usr/bin/ld option to reload object files
configure:4958: result: -r
configure:5032: checking for objdump
configure:5048: found /usr/bin/objdump
configure:5059: result: objdump
configure:5091: checking how to recognize dependent libraries
configure:5289: result: pass_all
configure:5374: checking for dlltool
configure:5404: result: no
configure:5434: checking how to associate runtime and link libraries
configure:5461: result: printf %s\n
configure:5522: checking for ar
configure:5538: found /usr/bin/ar
configure:5549: result: ar
configure:5586: checking for archiver @FILE support
configure:5603: gcc -c -g -O2  conftest.c >&5
configure:5603: $? = 0
configure:5606: ar cru libconftest.a @conftest.lst >&5
configure:5609: $? = 0
configure:5614: ar cru libconftest.a @conftest.lst >&5
ar: conftest.o: No such file or directory
configure:5617: $? = 1
configure:5629: result: @
configure:5687: checking for strip
configure:5703: found /usr/bin/strip
configure:5714: result: strip
configure:5786: checking for ranlib
configure:5802: found /usr/bin/ranlib
configure:5813: result: ranlib
configure:5915: checking command to parse /usr/bin/nm -B output from gcc object
configure:6035: gcc -c -g -O2  conftest.c >&5
configure:6038: $? = 0
configure:6042: /usr/bin/nm -B conftest.o \| sed -n -e 's/^.*[ ]\([ABCDGIRSTW][ABCDGIRSTW]*\)[ ][ ]*\([_A-Za-z][_A-Za-z0-9]*\)$/\1 \2 \2/p' | sed '/ __gnu_lto/d' \> conftest.nm
configure:6045: $? = 0
configure:6111: gcc -o conftest -g -O2   conftest.c conftstm.o >&5
configure:6114: $? = 0
configure:6152: result: ok
configure:6189: checking for sysroot
configure:6219: result: no
configure:6296: gcc -c -g -O2  conftest.c >&5
configure:6299: $? = 0
configure:6488: checking for mt
configure:6504: found /bin/mt
configure:6515: result: mt
configure:6538: checking if mt is a manifest tool
configure:6544: mt '-?'
configure:6552: result: no
configure:7194: checking how to run the C preprocessor
configure:7225: gcc -E  conftest.c
configure:7225: $? = 0
configure:7239: gcc -E  conftest.c
conftest.c:11:28: fatal error: ac_nonexistent.h: No such file or directory
 #include <ac_nonexistent.h>
                            ^
compilation terminated.
configure:7239: $? = 1
configure: failed program was:
| /* confdefs.h */
| #define PACKAGE_NAME "gtk_vala1"
| #define PACKAGE_TARNAME "gtk_vala1"
| #define PACKAGE_VERSION "0.1"
| #define PACKAGE_STRING "gtk_vala1 0.1"
| #define PACKAGE_BUGREPORT ""
| #define PACKAGE_URL ""
| #define PACKAGE "gtk_vala1"
| #define VERSION "0.1"
| /* end confdefs.h.  */
| #include <ac_nonexistent.h>
configure:7264: result: gcc -E
configure:7284: gcc -E  conftest.c
configure:7284: $? = 0
configure:7298: gcc -E  conftest.c
conftest.c:11:28: fatal error: ac_nonexistent.h: No such file or directory
 #include <ac_nonexistent.h>
                            ^
compilation terminated.
configure:7298: $? = 1
configure: failed program was:
| /* confdefs.h */
| #define PACKAGE_NAME "gtk_vala1"
| #define PACKAGE_TARNAME "gtk_vala1"
| #define PACKAGE_VERSION "0.1"
| #define PACKAGE_STRING "gtk_vala1 0.1"
| #define PACKAGE_BUGREPORT ""
| #define PACKAGE_URL ""
| #define PACKAGE "gtk_vala1"
| #define VERSION "0.1"
| /* end confdefs.h.  */
| #include <ac_nonexistent.h>
configure:7327: checking for ANSI C header files
configure:7347: gcc -c -g -O2  conftest.c >&5
configure:7347: $? = 0
configure:7420: gcc -o conftest -g -O2   conftest.c  >&5
configure:7420: $? = 0
configure:7420: ./conftest
configure:7420: $? = 0
configure:7431: result: yes
configure:7444: checking for sys/types.h
configure:7444: gcc -c -g -O2  conftest.c >&5
configure:7444: $? = 0
configure:7444: result: yes
configure:7444: checking for sys/stat.h
configure:7444: gcc -c -g -O2  conftest.c >&5
configure:7444: $? = 0
configure:7444: result: yes
configure:7444: checking for stdlib.h
configure:7444: gcc -c -g -O2  conftest.c >&5
configure:7444: $? = 0
configure:7444: result: yes
configure:7444: checking for string.h
configure:7444: gcc -c -g -O2  conftest.c >&5
configure:7444: $? = 0
configure:7444: result: yes
configure:7444: checking for memory.h
configure:7444: gcc -c -g -O2  conftest.c >&5
configure:7444: $? = 0
configure:7444: result: yes
configure:7444: checking for strings.h
configure:7444: gcc -c -g -O2  conftest.c >&5
configure:7444: $? = 0
configure:7444: result: yes
configure:7444: checking for inttypes.h
configure:7444: gcc -c -g -O2  conftest.c >&5
configure:7444: $? = 0
configure:7444: result: yes
configure:7444: checking for stdint.h
configure:7444: gcc -c -g -O2  conftest.c >&5
configure:7444: $? = 0
configure:7444: result: yes
configure:7444: checking for unistd.h
configure:7444: gcc -c -g -O2  conftest.c >&5
configure:7444: $? = 0
configure:7444: result: yes
configure:7458: checking for dlfcn.h
configure:7458: gcc -c -g -O2  conftest.c >&5
configure:7458: $? = 0
configure:7458: result: yes
configure:7664: checking for objdir
configure:7679: result: .libs
configure:7946: checking if gcc supports -fno-rtti -fno-exceptions
configure:7964: gcc -c -g -O2  -fno-rtti -fno-exceptions conftest.c >&5
cc1: warning: command line option '-fno-rtti' is valid for C++/ObjC++ but not for C [enabled by default]
configure:7968: $? = 0
configure:7981: result: no
configure:8308: checking for gcc option to produce PIC
configure:8315: result: -fPIC -DPIC
configure:8323: checking if gcc PIC flag -fPIC -DPIC works
configure:8341: gcc -c -g -O2  -fPIC -DPIC -DPIC conftest.c >&5
configure:8345: $? = 0
configure:8358: result: yes
configure:8387: checking if gcc static flag -static works
configure:8415: result: yes
configure:8430: checking if gcc supports -c -o file.o
configure:8451: gcc -c -g -O2  -o out/conftest2.o conftest.c >&5
configure:8455: $? = 0
configure:8477: result: yes
configure:8485: checking if gcc supports -c -o file.o
configure:8532: result: yes
configure:8565: checking whether the gcc linker (/usr/bin/ld -m elf_x86_64) supports shared libraries
configure:9722: result: yes
configure:9759: checking whether -lc should be explicitly linked in
configure:9767: gcc -c -g -O2  conftest.c >&5
configure:9770: $? = 0
configure:9785: gcc -shared  -fPIC -DPIC conftest.o  -v -Wl,-soname -Wl,conftest -o conftest 2\>\&1 \| /bin/grep  -lc  \>/dev/null 2\>\&1
configure:9788: $? = 0
configure:9802: result: no
configure:9962: checking dynamic linker characteristics
configure:10462: gcc -o conftest -g -O2   -Wl,-rpath -Wl,/foo conftest.c  >&5
configure:10462: $? = 0
configure:10696: result: GNU/Linux ld.so
configure:10803: checking how to hardcode library paths into programs
configure:10828: result: immediate
configure:11368: checking whether stripping libraries is possible
configure:11373: result: yes
configure:11408: checking if libtool supports shared libraries
configure:11410: result: yes
configure:11413: checking whether to build shared libraries
configure:11434: result: yes
configure:11437: checking whether to build static libraries
configure:11441: result: yes
configure:11481: checking for valac
configure:11499: found /usr/bin/valac
configure:11512: result: /usr/bin/valac
configure:11521: checking whether /usr/bin/valac is at least version 0.10.0
configure:11529: result: yes
configure:11606: checking for pkg-config
configure:11624: found /usr/bin/pkg-config
configure:11636: result: /usr/bin/pkg-config
configure:11661: checking pkg-config is at least version 0.9.0
configure:11664: result: yes
configure:11674: checking for GTK_VALA1
configure:11681: $PKG_CONFIG --exists --print-errors "gtk+-3.0 "
configure:11684: $? = 0
configure:11698: $PKG_CONFIG --exists --print-errors "gtk+-3.0 "
configure:11701: $? = 0
configure:11759: result: yes
configure:11876: checking that generated files are newer than configure
configure:11882: result: done
configure:11905: creating ./config.status

## ---------------------- ##
## Running config.status. ##
## ---------------------- ##

This file was extended by gtk_vala1 config.status 0.1, which was
generated by GNU Autoconf 2.69.  Invocation command line was

  CONFIG_FILES    = 
  CONFIG_HEADERS  = 
  CONFIG_LINKS    = 
  CONFIG_COMMANDS = 
  $ ./config.status 

on XubuntuDellLat

config.status:1089: creating Makefile
config.status:1089: creating src/Makefile
config.status:1089: creating config.h
config.status:1318: executing depfiles commands
config.status:1318: executing libtool commands
configure:14126: WARNING: unrecognized options: --enable-maintainer-mode

## ---------------- ##
## Cache variables. ##
## ---------------- ##

ac_cv_build=x86_64-unknown-linux-gnu
ac_cv_c_compiler_gnu=yes
ac_cv_env_CC_set=
ac_cv_env_CC_value=
ac_cv_env_CFLAGS_set=
ac_cv_env_CFLAGS_value=
ac_cv_env_CPPFLAGS_set=
ac_cv_env_CPPFLAGS_value=
ac_cv_env_CPP_set=
ac_cv_env_CPP_value=
ac_cv_env_GTK_VALA1_CFLAGS_set=
ac_cv_env_GTK_VALA1_CFLAGS_value=
ac_cv_env_GTK_VALA1_LIBS_set=
ac_cv_env_GTK_VALA1_LIBS_value=
ac_cv_env_LDFLAGS_set=
ac_cv_env_LDFLAGS_value=
ac_cv_env_LIBS_set=
ac_cv_env_LIBS_value=
ac_cv_env_PKG_CONFIG_LIBDIR_set=
ac_cv_env_PKG_CONFIG_LIBDIR_value=
ac_cv_env_PKG_CONFIG_PATH_set=
ac_cv_env_PKG_CONFIG_PATH_value=
ac_cv_env_PKG_CONFIG_set=
ac_cv_env_PKG_CONFIG_value=
ac_cv_env_build_alias_set=
ac_cv_env_build_alias_value=
ac_cv_env_host_alias_set=
ac_cv_env_host_alias_value=
ac_cv_env_target_alias_set=
ac_cv_env_target_alias_value=
ac_cv_header_dlfcn_h=yes
ac_cv_header_inttypes_h=yes
ac_cv_header_memory_h=yes
ac_cv_header_stdc=yes
ac_cv_header_stdint_h=yes
ac_cv_header_stdlib_h=yes
ac_cv_header_string_h=yes
ac_cv_header_strings_h=yes
ac_cv_header_sys_stat_h=yes
ac_cv_header_sys_types_h=yes
ac_cv_header_unistd_h=yes
ac_cv_host=x86_64-unknown-linux-gnu
ac_cv_objext=o
ac_cv_path_EGREP='/bin/grep -E'
ac_cv_path_FGREP='/bin/grep -F'
ac_cv_path_GREP=/bin/grep
ac_cv_path_SED=/bin/sed
ac_cv_path_VALAC=/usr/bin/valac
ac_cv_path_ac_pt_PKG_CONFIG=/usr/bin/pkg-config
ac_cv_path_install='/usr/bin/install -c'
ac_cv_path_mkdir=/bin/mkdir
ac_cv_prog_AWK=gawk
ac_cv_prog_CPP='gcc -E'
ac_cv_prog_ac_ct_AR=ar
ac_cv_prog_ac_ct_CC=gcc
ac_cv_prog_ac_ct_MANIFEST_TOOL=mt
ac_cv_prog_ac_ct_OBJDUMP=objdump
ac_cv_prog_ac_ct_RANLIB=ranlib
ac_cv_prog_ac_ct_STRIP=strip
ac_cv_prog_cc_c89=
ac_cv_prog_cc_g=yes
ac_cv_prog_make_make_set=yes
am_cv_CC_dependencies_compiler_type=gcc3
am_cv_make_support_nested_variables=yes
am_cv_prog_cc_c_o=yes
lt_cv_ar_at_file=@
lt_cv_archive_cmds_need_lc=no
lt_cv_deplibs_check_method=pass_all
lt_cv_file_magic_cmd='$MAGIC_CMD'
lt_cv_file_magic_test_file=
lt_cv_ld_reload_flag=-r
lt_cv_nm_interface='BSD nm'
lt_cv_objdir=.libs
lt_cv_path_LD=/usr/bin/ld
lt_cv_path_NM='/usr/bin/nm -B'
lt_cv_path_mainfest_tool=no
lt_cv_prog_compiler_c_o=yes
lt_cv_prog_compiler_pic='-fPIC -DPIC'
lt_cv_prog_compiler_pic_works=yes
lt_cv_prog_compiler_rtti_exceptions=no
lt_cv_prog_compiler_static_works=yes
lt_cv_prog_gnu_ld=yes
lt_cv_sharedlib_from_linklib_cmd='printf %s\n'
lt_cv_shlibpath_overrides_runpath=no
lt_cv_sys_global_symbol_pipe='sed -n -e '\''s/^.*[	 ]\([ABCDGIRSTW][ABCDGIRSTW]*\)[	 ][	 ]*\([_A-Za-z][_A-Za-z0-9]*\)$/\1 \2 \2/p'\'' | sed '\''/ __gnu_lto/d'\'''
lt_cv_sys_global_symbol_to_c_name_address='sed -n -e '\''s/^: \([^ ]*\)[ ]*$/  {\"\1\", (void *) 0},/p'\'' -e '\''s/^[ABCDGIRSTW]* \([^ ]*\) \([^ ]*\)$/  {"\2", (void *) \&\2},/p'\'''
lt_cv_sys_global_symbol_to_c_name_address_lib_prefix='sed -n -e '\''s/^: \([^ ]*\)[ ]*$/  {\"\1\", (void *) 0},/p'\'' -e '\''s/^[ABCDGIRSTW]* \([^ ]*\) \(lib[^ ]*\)$/  {"\2", (void *) \&\2},/p'\'' -e '\''s/^[ABCDGIRSTW]* \([^ ]*\) \([^ ]*\)$/  {"lib\2", (void *) \&\2},/p'\'''
lt_cv_sys_global_symbol_to_cdecl='sed -n -e '\''s/^T .* \(.*\)$/extern int \1();/p'\'' -e '\''s/^[ABCDGIRSTW]* .* \(.*\)$/extern char \1;/p'\'''
lt_cv_sys_max_cmd_len=1572864
lt_cv_to_host_file_cmd=func_convert_file_noop
lt_cv_to_tool_file_cmd=func_convert_file_noop
pkg_cv_GTK_VALA1_CFLAGS='-pthread -I/usr/include/gtk-3.0 -I/usr/include/atk-1.0 -I/usr/include/at-spi2-atk/2.0 -I/usr/include/pango-1.0 -I/usr/include/gio-unix-2.0/ -I/usr/include/cairo -I/usr/include/gdk-pixbuf-2.0 -I/usr/include/glib-2.0 -I/usr/lib/x86_64-linux-gnu/glib-2.0/include -I/usr/include/harfbuzz -I/usr/include/freetype2 -I/usr/include/pixman-1 -I/usr/include/libpng12  '
pkg_cv_GTK_VALA1_LIBS='-lgtk-3 -lgdk-3 -latk-1.0 -lgio-2.0 -lpangocairo-1.0 -lgdk_pixbuf-2.0 -lcairo-gobject -lpango-1.0 -lcairo -lgobject-2.0 -lglib-2.0  '

## ----------------- ##
## Output variables. ##
## ----------------- ##

ACLOCAL='${SHELL} /home/mikeh/vala/anjutaExample/missing aclocal-1.14'
AMDEPBACKSLASH='\'
AMDEP_FALSE='#'
AMDEP_TRUE=''
AMTAR='$${TAR-tar}'
AM_BACKSLASH='\'
AM_DEFAULT_V='$(AM_DEFAULT_VERBOSITY)'
AM_DEFAULT_VERBOSITY='0'
AM_V='$(V)'
AR='ar'
AUTOCONF='${SHELL} /home/mikeh/vala/anjutaExample/missing autoconf'
AUTOHEADER='${SHELL} /home/mikeh/vala/anjutaExample/missing autoheader'
AUTOMAKE='${SHELL} /home/mikeh/vala/anjutaExample/missing automake-1.14'
AWK='gawk'
CC='gcc'
CCDEPMODE='depmode=gcc3'
CFLAGS='-g -O2'
CPP='gcc -E'
CPPFLAGS=''
CYGPATH_W='echo'
DEFS='-DHAVE_CONFIG_H'
DEPDIR='.deps'
DLLTOOL='false'
DSYMUTIL=''
DUMPBIN=''
ECHO_C=''
ECHO_N='-n'
ECHO_T=''
EGREP='/bin/grep -E'
EXEEXT=''
FGREP='/bin/grep -F'
GREP='/bin/grep'
GTK_VALA1_CFLAGS='-pthread -I/usr/include/gtk-3.0 -I/usr/include/atk-1.0 -I/usr/include/at-spi2-atk/2.0 -I/usr/include/pango-1.0 -I/usr/include/gio-unix-2.0/ -I/usr/include/cairo -I/usr/include/gdk-pixbuf-2.0 -I/usr/include/glib-2.0 -I/usr/lib/x86_64-linux-gnu/glib-2.0/include -I/usr/include/harfbuzz -I/usr/include/freetype2 -I/usr/include/pixman-1 -I/usr/include/libpng12  '
GTK_VALA1_LIBS='-lgtk-3 -lgdk-3 -latk-1.0 -lgio-2.0 -lpangocairo-1.0 -lgdk_pixbuf-2.0 -lcairo-gobject -lpango-1.0 -lcairo -lgobject-2.0 -lglib-2.0  '
INSTALL_DATA='${INSTALL} -m 644'
INSTALL_PROGRAM='${INSTALL}'
INSTALL_SCRIPT='${INSTALL}'
INSTALL_STRIP_PROGRAM='$(install_sh) -c -s'
LD='/usr/bin/ld -m elf_x86_64'
LDFLAGS=''
LIBOBJS=''
LIBS=''
LIBTOOL='$(SHELL) $(top_builddir)/libtool'
LIPO=''
LN_S='ln -s'
LTLIBOBJS=''
MAKEINFO='${SHELL} /home/mikeh/vala/anjutaExample/missing makeinfo'
MANIFEST_TOOL=':'
MKDIR_P='/bin/mkdir -p'
NM='/usr/bin/nm -B'
NMEDIT=''
OBJDUMP='objdump'
OBJEXT='o'
OTOOL64=''
OTOOL=''
PACKAGE='gtk_vala1'
PACKAGE_BUGREPORT=''
PACKAGE_NAME='gtk_vala1'
PACKAGE_STRING='gtk_vala1 0.1'
PACKAGE_TARNAME='gtk_vala1'
PACKAGE_URL=''
PACKAGE_VERSION='0.1'
PATH_SEPARATOR=':'
PKG_CONFIG='/usr/bin/pkg-config'
PKG_CONFIG_LIBDIR=''
PKG_CONFIG_PATH=''
RANLIB='ranlib'
SED='/bin/sed'
SET_MAKE=''
SHELL='/bin/bash'
STRIP='strip'
VALAC='/usr/bin/valac'
VERSION='0.1'
ac_ct_AR='ar'
ac_ct_CC='gcc'
ac_ct_DUMPBIN=''
am__EXEEXT_FALSE=''
am__EXEEXT_TRUE='#'
am__fastdepCC_FALSE='#'
am__fastdepCC_TRUE=''
am__include='include'
am__isrc=''
am__leading_dot='.'
am__nodep='_no'
am__quote=''
am__tar='$${TAR-tar} chof - "$$tardir"'
am__untar='$${TAR-tar} xf -'
bindir='${exec_prefix}/bin'
build='x86_64-unknown-linux-gnu'
build_alias=''
build_cpu='x86_64'
build_os='linux-gnu'
build_vendor='unknown'
datadir='${datarootdir}'
datarootdir='${prefix}/share'
docdir='${datarootdir}/doc/${PACKAGE_TARNAME}'
dvidir='${docdir}'
exec_prefix='${prefix}'
host='x86_64-unknown-linux-gnu'
host_alias=''
host_cpu='x86_64'
host_os='linux-gnu'
host_vendor='unknown'
htmldir='${docdir}'
includedir='${prefix}/include'
infodir='${datarootdir}/info'
install_sh='${SHELL} /home/mikeh/vala/anjutaExample/install-sh'
libdir='${exec_prefix}/lib'
libexecdir='${exec_prefix}/libexec'
localedir='${datarootdir}/locale'
localstatedir='${prefix}/var'
mandir='${datarootdir}/man'
mkdir_p='$(MKDIR_P)'
oldincludedir='/usr/include'
pdfdir='${docdir}'
prefix='/usr/local'
program_transform_name='s,x,x,'
psdir='${docdir}'
sbindir='${exec_prefix}/sbin'
sharedstatedir='${prefix}/com'
sysconfdir='${prefix}/etc'
target_alias=''

## ----------- ##
## confdefs.h. ##
## ----------- ##

/* confdefs.h */
#define PACKAGE_NAME "gtk_vala1"
#define PACKAGE_TARNAME "gtk_vala1"
#define PACKAGE_VERSION "0.1"
#define PACKAGE_STRING "gtk_vala1 0.1"
#define PACKAGE_BUGREPORT ""
#define PACKAGE_URL ""
#define PACKAGE "gtk_vala1"
#define VERSION "0.1"
#define STDC_HEADERS 1
#define HAVE_SYS_TYPES_H 1
#define HAVE_SYS_STAT_H 1
#define HAVE_STDLIB_H 1
#define HAVE_STRING_H 1
#define HAVE_MEMORY_H 1
#define HAVE_STRINGS_H 1
#define HAVE_INTTYPES_H 1
#define HAVE_STDINT_H 1
#define HAVE_UNISTD_H 1
#define HAVE_DLFCN_H 1
#define LT_OBJDIR ".libs/"

configure: exit 0
